<?xml version="1.0" encoding="UTF-8"?>
<!-- Generated by org.testng.reporters.JUnitReportReporter -->
<testsuite hostname="Jinal" failures="0" tests="1" name="com.qa.testcases.LoginTest" time="4.359" errors="0" timestamp="2022-12-05T18:52:10 EST" skipped="0">
  <testcase classname="com.qa.testcases.LoginTest" name="Login" time="4.359"/>
  <system-out/>
</testsuite> <!-- com.qa.testcases.LoginTest -->
