<?xml version="1.0" encoding="UTF-8"?>
<!-- Generated by org.testng.reporters.JUnitReportReporter -->
<testsuite hostname="Jinal" failures="0" tests="1" name="com.qa.testcases.IframeTest" time="4.651" errors="0" timestamp="2022-12-06T11:05:52 EST" skipped="0">
  <testcase classname="com.qa.testcases.IframeTest" name="iframe" time="4.651"/>
  <system-out/>
</testsuite> <!-- com.qa.testcases.IframeTest -->
