<?xml version="1.0" encoding="UTF-8"?>
<!-- Generated by org.testng.reporters.JUnitReportReporter -->
<testsuite hostname="Jinal" failures="0" tests="1" name="com.qa.testcases.CheckBoxesTest" time="3.316" errors="0" timestamp="2022-12-06T09:50:58 EST" skipped="0">
  <testcase classname="com.qa.testcases.CheckBoxesTest" name="checkBoxes" time="3.316"/>
  <system-out/>
</testsuite> <!-- com.qa.testcases.CheckBoxesTest -->
