<?xml version="1.0" encoding="UTF-8"?>
<!-- Generated by org.testng.reporters.JUnitReportReporter -->
<testsuite hostname="Jinal" failures="0" tests="1" name="com.qa.testcases.FloatingMenuTest" time="3.324" errors="0" timestamp="2022-12-06T11:02:02 EST" skipped="0">
  <testcase classname="com.qa.testcases.FloatingMenuTest" name="floatingMenu" time="3.324"/>
  <system-out/>
</testsuite> <!-- com.qa.testcases.FloatingMenuTest -->
