<?xml version="1.0" encoding="UTF-8"?>
<!-- Generated by org.testng.reporters.JUnitReportReporter -->
<testsuite hostname="Jinal" failures="0" tests="1" name="com.qa.testcases.LoginSuccess" time="3.642" errors="0" timestamp="2022-12-05T20:37:23 EST" skipped="0">
  <testcase classname="com.qa.testcases.LoginSuccess" name="Login" time="3.642"/>
  <system-out/>
</testsuite> <!-- com.qa.testcases.LoginSuccess -->
