<?xml version="1.0" encoding="UTF-8"?>
<!-- Generated by org.testng.reporters.JUnitReportReporter -->
<testsuite hostname="Jinal" failures="0" tests="2" name="com.qa.testcases.Login_Failure" time="4.797" errors="0" timestamp="2022-12-05T20:37:45 EST" skipped="0">
  <testcase classname="com.qa.testcases.Login_Failure" name="Login_Failure_Username" time="2.822"/>
  <system-out/>
  <testcase classname="com.qa.testcases.Login_Failure" name="Login_Failure_Password" time="1.975"/>
  <system-out/>
</testsuite> <!-- com.qa.testcases.Login_Failure -->
