<?xml version="1.0" encoding="UTF-8"?>
<!-- Generated by org.testng.reporters.JUnitReportReporter -->
<testsuite hostname="Jinal" failures="0" tests="1" name="com.qa.testcases.ContextMenuTest" time="3.313" errors="0" timestamp="2022-12-06T09:50:17 EST" skipped="0">
  <testcase classname="com.qa.testcases.ContextMenuTest" name="contextMenu" time="3.313"/>
  <system-out/>
</testsuite> <!-- com.qa.testcases.ContextMenuTest -->
