<?xml version="1.0" encoding="UTF-8"?>
<!-- Generated by org.testng.reporters.JUnitReportReporter -->
<testsuite hostname="Jinal" failures="0" tests="1" name="com.qa.testcases.DynamicLoadingTest" time="13.303" errors="0" timestamp="2022-12-06T10:12:51 EST" skipped="0">
  <testcase classname="com.qa.testcases.DynamicLoadingTest" name="dinamicLoading" time="13.303"/>
  <system-out/>
</testsuite> <!-- com.qa.testcases.DynamicLoadingTest -->
