<?xml version="1.0" encoding="UTF-8"?>
<!-- Generated by org.testng.reporters.JUnitReportReporter -->
<testsuite hostname="Jinal" failures="0" tests="1" name="com.qa.testcases.DynamicContentTest" time="3.662" errors="0" timestamp="2022-12-06T09:49:41 EST" skipped="0">
  <testcase classname="com.qa.testcases.DynamicContentTest" name="dragAndDrop" time="3.662"/>
  <system-out/>
</testsuite> <!-- com.qa.testcases.DynamicContentTest -->
