<?xml version="1.0" encoding="UTF-8"?>
<!-- Generated by org.testng.reporters.JUnitReportReporter -->
<testsuite hostname="Jinal" failures="0" tests="1" name="com.qa.testcases.JavaScriptErrorTest" time="3.199" errors="0" timestamp="2022-12-06T11:23:27 EST" skipped="0">
  <testcase classname="com.qa.testcases.JavaScriptErrorTest" name="jsError" time="3.199"/>
  <system-out/>
</testsuite> <!-- com.qa.testcases.JavaScriptErrorTest -->
