<?xml version="1.0" encoding="UTF-8"?>
<!-- Generated by org.testng.reporters.JUnitReportReporter -->
<testsuite hostname="Jinal" failures="0" tests="1" name="com.qa.testcases.OpeninNewTabTest" time="3.375" errors="0" timestamp="2022-12-06T11:26:15 EST" skipped="0">
  <testcase classname="com.qa.testcases.OpeninNewTabTest" name="openNewTabTest" time="3.375"/>
  <system-out/>
</testsuite> <!-- com.qa.testcases.OpeninNewTabTest -->
