<?xml version="1.0" encoding="UTF-8"?>
<!-- Generated by org.testng.reporters.JUnitReportReporter -->
<testsuite hostname="Jinal" failures="0" tests="3" name="com.qa.testcases.JavaScriptAlertsTest" time="8.032" errors="0" timestamp="2022-12-06T11:20:00 EST" skipped="0">
  <testcase classname="com.qa.testcases.JavaScriptAlertsTest" name="jsAlert" time="2.442"/>
  <system-out/>
  <testcase classname="com.qa.testcases.JavaScriptAlertsTest" name="jsPromptAlert" time="3.211"/>
  <system-out/>
  <testcase classname="com.qa.testcases.JavaScriptAlertsTest" name="jsConfirmAlert" time="2.379"/>
  <system-out/>
</testsuite> <!-- com.qa.testcases.JavaScriptAlertsTest -->
