<?xml version="1.0" encoding="UTF-8"?>
<!-- Generated by org.testng.reporters.JUnitReportReporter -->
<testsuite hostname="Jinal" failures="0" tests="1" name="com.qa.testcases.DragandDropTest" time="6.921" errors="0" timestamp="2022-12-06T09:32:17 EST" skipped="0">
  <testcase classname="com.qa.testcases.DragandDropTest" name="DragAndDrop" time="6.921"/>
  <system-out/>
</testsuite> <!-- com.qa.testcases.DragandDropTest -->
