<?xml version="1.0" encoding="UTF-8"?>
<!-- Generated by org.testng.reporters.JUnitReportReporter -->
<testsuite hostname="Jinal" failures="0" tests="1" name="com.qa.testcases.FileDownloadTest" time="5.773" errors="0" timestamp="2022-12-06T10:17:23 EST" skipped="0">
  <testcase classname="com.qa.testcases.FileDownloadTest" name="downloadFile" time="5.773"/>
  <system-out/>
</testsuite> <!-- com.qa.testcases.FileDownloadTest -->
