<?xml version="1.0" encoding="UTF-8"?>
<!-- Generated by org.testng.reporters.JUnitReportReporter -->
<testsuite hostname="Jinal" failures="0" tests="1" name="com.qa.testcases.NotificationMessageTest" time="4.703" errors="0" timestamp="2022-12-06T11:29:43 EST" skipped="0">
  <testcase classname="com.qa.testcases.NotificationMessageTest" name="notificationMessage" time="4.703"/>
  <system-out/>
</testsuite> <!-- com.qa.testcases.NotificationMessageTest -->
