<?xml version="1.0" encoding="UTF-8"?>
<!-- Generated by org.testng.reporters.JUnitReportReporter -->
<testsuite hostname="Jinal" failures="0" tests="1" name="com.qa.testcases.DynamicControlsTest" time="26.352" errors="0" timestamp="2022-12-06T10:03:02 EST" skipped="0">
  <testcase classname="com.qa.testcases.DynamicControlsTest" name="dinamicControls" time="26.352"/>
  <system-out/>
</testsuite> <!-- com.qa.testcases.DynamicControlsTest -->
