<?xml version="1.0" encoding="UTF-8"?>
<!-- Generated by org.testng.reporters.JUnitReportReporter -->
<testsuite hostname="Jinal" failures="0" tests="1" name="com.qa.testcases.MouseHoverTest" time="3.559" errors="0" timestamp="2022-12-06T11:12:11 EST" skipped="0">
  <testcase classname="com.qa.testcases.MouseHoverTest" name="mouseHover" time="3.559"/>
  <system-out/>
</testsuite> <!-- com.qa.testcases.MouseHoverTest -->
