<?xml version="1.0" encoding="UTF-8"?>
<!-- Generated by org.testng.reporters.JUnitReportReporter -->
<testsuite hostname="Jinal" failures="0" tests="1" name="com.qa.testcases.DropdownTest" time="3.065" errors="0" timestamp="2022-12-06T09:26:49 EST" skipped="0">
  <testcase classname="com.qa.testcases.DropdownTest" name="dropDown" time="3.065"/>
  <system-out/>
</testsuite> <!-- com.qa.testcases.DropdownTest -->
